<?xml version="1.0" encoding="UTF-8"?>
<!-- Generated by org.testng.reporters.JUnitReportReporter -->
<testsuite hostname="huchao-PC" failures="0" tests="1" name="cn.javaexception.DemoApplicationTests" time="0.018" errors="0" timestamp="19 4æœˆ 2019 13:12:11 GMT" skipped="0">
  <testcase classname="cn.javaexception.DemoApplicationTests" name="contextLoads" time="0.018"/>
</testsuite> <!-- cn.javaexception.DemoApplicationTests -->
