<?xml version="1.0" encoding="UTF-8"?>
<testsuite xmlns:xsi="http://www.w3.org/2001/XMLSchema-instance" xsi:noNamespaceSchemaLocation="https://maven.apache.org/surefire/maven-surefire-plugin/xsd/surefire-test-report.xsd" name="cn.javaexception.DemoApplicationTests" time="0.269" tests="1" errors="0" skipped="0" failures="0">
  <properties>
    <property name="sun.desktop" value="gnome"/>
    <property name="awt.toolkit" value="sun.awt.X11.XToolkit"/>
    <property name="java.specification.version" value="11"/>
    <property name="sun.cpu.isalist" value=""/>
    <property name="sun.jnu.encoding" value="UTF-8"/>
    <property name="java.class.path" value="/home/huchao/Graduation/user_module/target/test-classes:/home/huchao/Graduation/user_module/target/classes:/home/huchao/.m2/repository/org/springframework/boot/spring-boot-starter-web/2.1.3.RELEASE/spring-boot-starter-web-2.1.3.RELEASE.jar:/home/huchao/.m2/repository/org/springframework/boot/spring-boot-starter/2.1.3.RELEASE/spring-boot-starter-2.1.3.RELEASE.jar:/home/huchao/.m2/repository/org/springframework/boot/spring-boot-starter-logging/2.1.3.RELEASE/spring-boot-starter-logging-2.1.3.RELEASE.jar:/home/huchao/.m2/repository/ch/qos/logback/logback-classic/1.2.3/logback-classic-1.2.3.jar:/home/huchao/.m2/repository/ch/qos/logback/logback-core/1.2.3/logback-core-1.2.3.jar:/home/huchao/.m2/repository/org/apache/logging/log4j/log4j-to-slf4j/2.11.2/log4j-to-slf4j-2.11.2.jar:/home/huchao/.m2/repository/org/apache/logging/log4j/log4j-api/2.11.2/log4j-api-2.11.2.jar:/home/huchao/.m2/repository/org/slf4j/jul-to-slf4j/1.7.25/jul-to-slf4j-1.7.25.jar:/home/huchao/.m2/repository/javax/annotation/javax.annotation-api/1.3.2/javax.annotation-api-1.3.2.jar:/home/huchao/.m2/repository/org/yaml/snakeyaml/1.23/snakeyaml-1.23.jar:/home/huchao/.m2/repository/org/springframework/boot/spring-boot-starter-json/2.1.3.RELEASE/spring-boot-starter-json-2.1.3.RELEASE.jar:/home/huchao/.m2/repository/com/fasterxml/jackson/core/jackson-databind/2.9.8/jackson-databind-2.9.8.jar:/home/huchao/.m2/repository/com/fasterxml/jackson/core/jackson-annotations/2.9.0/jackson-annotations-2.9.0.jar:/home/huchao/.m2/repository/com/fasterxml/jackson/core/jackson-core/2.9.8/jackson-core-2.9.8.jar:/home/huchao/.m2/repository/com/fasterxml/jackson/datatype/jackson-datatype-jdk8/2.9.8/jackson-datatype-jdk8-2.9.8.jar:/home/huchao/.m2/repository/com/fasterxml/jackson/datatype/jackson-datatype-jsr310/2.9.8/jackson-datatype-jsr310-2.9.8.jar:/home/huchao/.m2/repository/com/fasterxml/jackson/module/jackson-module-parameter-names/2.9.8/jackson-module-parameter-names-2.9.8.jar:/home/huchao/.m2/repository/org/springframework/boot/spring-boot-starter-tomcat/2.1.3.RELEASE/spring-boot-starter-tomcat-2.1.3.RELEASE.jar:/home/huchao/.m2/repository/org/apache/tomcat/embed/tomcat-embed-core/9.0.16/tomcat-embed-core-9.0.16.jar:/home/huchao/.m2/repository/org/apache/tomcat/embed/tomcat-embed-el/9.0.16/tomcat-embed-el-9.0.16.jar:/home/huchao/.m2/repository/org/apache/tomcat/embed/tomcat-embed-websocket/9.0.16/tomcat-embed-websocket-9.0.16.jar:/home/huchao/.m2/repository/org/hibernate/validator/hibernate-validator/6.0.14.Final/hibernate-validator-6.0.14.Final.jar:/home/huchao/.m2/repository/javax/validation/validation-api/2.0.1.Final/validation-api-2.0.1.Final.jar:/home/huchao/.m2/repository/org/jboss/logging/jboss-logging/3.3.2.Final/jboss-logging-3.3.2.Final.jar:/home/huchao/.m2/repository/com/fasterxml/classmate/1.4.0/classmate-1.4.0.jar:/home/huchao/.m2/repository/org/springframework/spring-web/5.1.5.RELEASE/spring-web-5.1.5.RELEASE.jar:/home/huchao/.m2/repository/org/springframework/spring-beans/5.1.5.RELEASE/spring-beans-5.1.5.RELEASE.jar:/home/huchao/.m2/repository/org/springframework/spring-webmvc/5.1.5.RELEASE/spring-webmvc-5.1.5.RELEASE.jar:/home/huchao/.m2/repository/org/springframework/spring-aop/5.1.5.RELEASE/spring-aop-5.1.5.RELEASE.jar:/home/huchao/.m2/repository/org/springframework/spring-context/5.1.5.RELEASE/spring-context-5.1.5.RELEASE.jar:/home/huchao/.m2/repository/org/springframework/spring-expression/5.1.5.RELEASE/spring-expression-5.1.5.RELEASE.jar:/home/huchao/.m2/repository/org/springframework/boot/spring-boot-devtools/2.1.3.RELEASE/spring-boot-devtools-2.1.3.RELEASE.jar:/home/huchao/.m2/repository/org/springframework/boot/spring-boot/2.1.3.RELEASE/spring-boot-2.1.3.RELEASE.jar:/home/huchao/.m2/repository/org/springframework/boot/spring-boot-autoconfigure/2.1.3.RELEASE/spring-boot-autoconfigure-2.1.3.RELEASE.jar:/home/huchao/.m2/repository/org/springframework/boot/spring-boot-starter-test/2.1.3.RELEASE/spring-boot-starter-test-2.1.3.RELEASE.jar:/home/huchao/.m2/repository/org/springframework/boot/spring-boot-test/2.1.3.RELEASE/spring-boot-test-2.1.3.RELEASE.jar:/home/huchao/.m2/repository/org/springframework/boot/spring-boot-test-autoconfigure/2.1.3.RELEASE/spring-boot-test-autoconfigure-2.1.3.RELEASE.jar:/home/huchao/.m2/repository/com/jayway/jsonpath/json-path/2.4.0/json-path-2.4.0.jar:/home/huchao/.m2/repository/net/minidev/json-smart/2.3/json-smart-2.3.jar:/home/huchao/.m2/repository/net/minidev/accessors-smart/1.2/accessors-smart-1.2.jar:/home/huchao/.m2/repository/org/ow2/asm/asm/5.0.4/asm-5.0.4.jar:/home/huchao/.m2/repository/org/slf4j/slf4j-api/1.7.25/slf4j-api-1.7.25.jar:/home/huchao/.m2/repository/junit/junit/4.12/junit-4.12.jar:/home/huchao/.m2/repository/org/assertj/assertj-core/3.11.1/assertj-core-3.11.1.jar:/home/huchao/.m2/repository/org/mockito/mockito-core/2.23.4/mockito-core-2.23.4.jar:/home/huchao/.m2/repository/net/bytebuddy/byte-buddy/1.9.10/byte-buddy-1.9.10.jar:/home/huchao/.m2/repository/net/bytebuddy/byte-buddy-agent/1.9.10/byte-buddy-agent-1.9.10.jar:/home/huchao/.m2/repository/org/objenesis/objenesis/2.6/objenesis-2.6.jar:/home/huchao/.m2/repository/org/hamcrest/hamcrest-core/1.3/hamcrest-core-1.3.jar:/home/huchao/.m2/repository/org/hamcrest/hamcrest-library/1.3/hamcrest-library-1.3.jar:/home/huchao/.m2/repository/org/skyscreamer/jsonassert/1.5.0/jsonassert-1.5.0.jar:/home/huchao/.m2/repository/com/vaadin/external/google/android-json/0.0.20131108.vaadin1/android-json-0.0.20131108.vaadin1.jar:/home/huchao/.m2/repository/org/springframework/spring-core/5.1.5.RELEASE/spring-core-5.1.5.RELEASE.jar:/home/huchao/.m2/repository/org/springframework/spring-jcl/5.1.5.RELEASE/spring-jcl-5.1.5.RELEASE.jar:/home/huchao/.m2/repository/org/springframework/spring-test/5.1.5.RELEASE/spring-test-5.1.5.RELEASE.jar:/home/huchao/.m2/repository/org/xmlunit/xmlunit-core/2.6.2/xmlunit-core-2.6.2.jar:/home/huchao/.m2/repository/javax/xml/bind/jaxb-api/2.3.1/jaxb-api-2.3.1.jar:/home/huchao/.m2/repository/javax/activation/javax.activation-api/1.2.0/javax.activation-api-1.2.0.jar:/home/huchao/.m2/repository/org/apache/shiro/shiro-spring/1.4.0/shiro-spring-1.4.0.jar:/home/huchao/.m2/repository/org/apache/shiro/shiro-core/1.4.0/shiro-core-1.4.0.jar:/home/huchao/.m2/repository/org/apache/shiro/shiro-lang/1.4.0/shiro-lang-1.4.0.jar:/home/huchao/.m2/repository/org/apache/shiro/shiro-cache/1.4.0/shiro-cache-1.4.0.jar:/home/huchao/.m2/repository/org/apache/shiro/shiro-crypto-hash/1.4.0/shiro-crypto-hash-1.4.0.jar:/home/huchao/.m2/repository/org/apache/shiro/shiro-crypto-core/1.4.0/shiro-crypto-core-1.4.0.jar:/home/huchao/.m2/repository/org/apache/shiro/shiro-crypto-cipher/1.4.0/shiro-crypto-cipher-1.4.0.jar:/home/huchao/.m2/repository/org/apache/shiro/shiro-config-core/1.4.0/shiro-config-core-1.4.0.jar:/home/huchao/.m2/repository/org/apache/shiro/shiro-config-ogdl/1.4.0/shiro-config-ogdl-1.4.0.jar:/home/huchao/.m2/repository/commons-beanutils/commons-beanutils/1.9.3/commons-beanutils-1.9.3.jar:/home/huchao/.m2/repository/commons-collections/commons-collections/3.2.2/commons-collections-3.2.2.jar:/home/huchao/.m2/repository/org/apache/shiro/shiro-event/1.4.0/shiro-event-1.4.0.jar:/home/huchao/.m2/repository/org/apache/shiro/shiro-web/1.4.0/shiro-web-1.4.0.jar:/home/huchao/.m2/repository/dubbo_api/dubbo_api/1.0-SNAPSHOT/dubbo_api-1.0-SNAPSHOT.jar:/home/huchao/.m2/repository/org/projectlombok/lombok/1.18.6/lombok-1.18.6.jar:/home/huchao/.m2/repository/com/baomidou/mybatis-plus-boot-starter/3.1.0/mybatis-plus-boot-starter-3.1.0.jar:/home/huchao/.m2/repository/com/baomidou/mybatis-plus/3.1.0/mybatis-plus-3.1.0.jar:/home/huchao/.m2/repository/org/springframework/boot/spring-boot-starter-jdbc/2.1.3.RELEASE/spring-boot-starter-jdbc-2.1.3.RELEASE.jar:/home/huchao/.m2/repository/com/zaxxer/HikariCP/3.2.0/HikariCP-3.2.0.jar:/home/huchao/.m2/repository/org/springframework/spring-jdbc/5.1.5.RELEASE/spring-jdbc-5.1.5.RELEASE.jar:/home/huchao/.m2/repository/org/springframework/spring-tx/5.1.5.RELEASE/spring-tx-5.1.5.RELEASE.jar:/home/huchao/.m2/repository/com/alibaba/boot/dubbo-spring-boot-starter/0.2.0/dubbo-spring-boot-starter-0.2.0.jar:/home/huchao/.m2/repository/com/alibaba/dubbo/2.6.2/dubbo-2.6.2.jar:/home/huchao/.m2/repository/org/javassist/javassist/3.20.0-GA/javassist-3.20.0-GA.jar:/home/huchao/.m2/repository/org/jboss/netty/netty/3.2.5.Final/netty-3.2.5.Final.jar:/home/huchao/.m2/repository/org/apache/zookeeper/zookeeper/3.4.9/zookeeper-3.4.9.jar:/home/huchao/.m2/repository/io/netty/netty/3.10.5.Final/netty-3.10.5.Final.jar:/home/huchao/.m2/repository/org/apache/curator/curator-framework/2.12.0/curator-framework-2.12.0.jar:/home/huchao/.m2/repository/org/apache/curator/curator-client/2.12.0/curator-client-2.12.0.jar:/home/huchao/.m2/repository/com/google/guava/guava/16.0.1/guava-16.0.1.jar:/home/huchao/.m2/repository/com/alibaba/boot/dubbo-spring-boot-autoconfigure/0.2.0/dubbo-spring-boot-autoconfigure-0.2.0.jar:/home/huchao/.m2/repository/mysql/mysql-connector-java/8.0.15/mysql-connector-java-8.0.15.jar:/home/huchao/.m2/repository/com/alibaba/druid/1.1.13/druid-1.1.13.jar:/home/huchao/.m2/repository/com/baomidou/mybatis-plus-generator/3.0.7.1/mybatis-plus-generator-3.0.7.1.jar:/home/huchao/.m2/repository/com/baomidou/mybatis-plus-extension/3.0.7.1/mybatis-plus-extension-3.0.7.1.jar:/home/huchao/.m2/repository/com/baomidou/mybatis-plus-core/3.0.7.1/mybatis-plus-core-3.0.7.1.jar:/home/huchao/.m2/repository/com/baomidou/mybatis-plus-annotation/3.0.7.1/mybatis-plus-annotation-3.0.7.1.jar:/home/huchao/.m2/repository/com/github/jsqlparser/jsqlparser/1.3/jsqlparser-1.3.jar:/home/huchao/.m2/repository/org/mybatis/mybatis-spring/1.3.2/mybatis-spring-1.3.2.jar:/home/huchao/.m2/repository/org/mybatis/mybatis/3.4.6/mybatis-3.4.6.jar:/home/huchao/.m2/repository/org/apache/velocity/velocity-engine-core/2.0/velocity-engine-core-2.0.jar:/home/huchao/.m2/repository/org/apache/commons/commons-lang3/3.8.1/commons-lang3-3.8.1.jar:/home/huchao/.m2/repository/org/hibernate/hibernate-validator/5.4.1.Final/hibernate-validator-5.4.1.Final.jar:/home/huchao/.m2/repository/javax/mail/javax.mail-api/1.6.2/javax.mail-api-1.6.2.jar:/home/huchao/.m2/repository/com/sun/mail/javax.mail/1.6.2/javax.mail-1.6.2.jar:/home/huchao/.m2/repository/javax/activation/activation/1.1/activation-1.1.jar:/home/huchao/.m2/repository/com/alipay/sdk/alipay-sdk-java/3.4.27.ALL/alipay-sdk-java-3.4.27.ALL.jar:/home/huchao/.m2/repository/commons-logging/commons-logging/1.1.1/commons-logging-1.1.1.jar:/home/huchao/.m2/repository/org/springframework/boot/spring-boot-configuration-processor/2.1.3.RELEASE/spring-boot-configuration-processor-2.1.3.RELEASE.jar:/home/huchao/.m2/repository/com/alibaba/fastjson/1.1.23/fastjson-1.1.23.jar:/home/huchao/.m2/repository/org/codehaus/groovy/groovy/2.5.6/groovy-2.5.6.jar:/home/huchao/.m2/repository/org/codehaus/groovy/groovy-ant/2.5.6/groovy-ant-2.5.6.jar:/home/huchao/.m2/repository/org/apache/ant/ant/1.9.13/ant-1.9.13.jar:/home/huchao/.m2/repository/org/apache/ant/ant-junit/1.9.13/ant-junit-1.9.13.jar:/home/huchao/.m2/repository/org/apache/ant/ant-launcher/1.9.13/ant-launcher-1.9.13.jar:/home/huchao/.m2/repository/org/apache/ant/ant-antlr/1.9.13/ant-antlr-1.9.13.jar:/home/huchao/.m2/repository/org/codehaus/groovy/groovy-cli-commons/2.5.6/groovy-cli-commons-2.5.6.jar:/home/huchao/.m2/repository/commons-cli/commons-cli/1.4/commons-cli-1.4.jar:/home/huchao/.m2/repository/org/codehaus/groovy/groovy-cli-picocli/2.5.6/groovy-cli-picocli-2.5.6.jar:/home/huchao/.m2/repository/info/picocli/picocli/3.9.2/picocli-3.9.2.jar:/home/huchao/.m2/repository/org/codehaus/groovy/groovy-console/2.5.6/groovy-console-2.5.6.jar:/home/huchao/.m2/repository/org/codehaus/groovy/groovy-datetime/2.5.6/groovy-datetime-2.5.6.jar:/home/huchao/.m2/repository/org/codehaus/groovy/groovy-docgenerator/2.5.6/groovy-docgenerator-2.5.6.jar:/home/huchao/.m2/repository/com/thoughtworks/qdox/qdox/1.12.1/qdox-1.12.1.jar:/home/huchao/.m2/repository/org/codehaus/groovy/groovy-groovydoc/2.5.6/groovy-groovydoc-2.5.6.jar:/home/huchao/.m2/repository/org/codehaus/groovy/groovy-groovysh/2.5.6/groovy-groovysh-2.5.6.jar:/home/huchao/.m2/repository/jline/jline/2.14.6/jline-2.14.6.jar:/home/huchao/.m2/repository/org/codehaus/groovy/groovy-jmx/2.5.6/groovy-jmx-2.5.6.jar:/home/huchao/.m2/repository/org/codehaus/groovy/groovy-json/2.5.6/groovy-json-2.5.6.jar:/home/huchao/.m2/repository/org/codehaus/groovy/groovy-jsr223/2.5.6/groovy-jsr223-2.5.6.jar:/home/huchao/.m2/repository/org/codehaus/groovy/groovy-macro/2.5.6/groovy-macro-2.5.6.jar:/home/huchao/.m2/repository/org/codehaus/groovy/groovy-nio/2.5.6/groovy-nio-2.5.6.jar:/home/huchao/.m2/repository/org/codehaus/groovy/groovy-servlet/2.5.6/groovy-servlet-2.5.6.jar:/home/huchao/.m2/repository/org/codehaus/groovy/groovy-sql/2.5.6/groovy-sql-2.5.6.jar:/home/huchao/.m2/repository/org/codehaus/groovy/groovy-swing/2.5.6/groovy-swing-2.5.6.jar:/home/huchao/.m2/repository/org/codehaus/groovy/groovy-templates/2.5.6/groovy-templates-2.5.6.jar:/home/huchao/.m2/repository/org/codehaus/groovy/groovy-test/2.5.6/groovy-test-2.5.6.jar:/home/huchao/.m2/repository/org/codehaus/groovy/groovy-test-junit5/2.5.6/groovy-test-junit5-2.5.6.jar:/home/huchao/.m2/repository/org/junit/platform/junit-platform-launcher/1.3.2/junit-platform-launcher-1.3.2.jar:/home/huchao/.m2/repository/org/apiguardian/apiguardian-api/1.0.0/apiguardian-api-1.0.0.jar:/home/huchao/.m2/repository/org/junit/platform/junit-platform-engine/1.3.2/junit-platform-engine-1.3.2.jar:/home/huchao/.m2/repository/org/junit/platform/junit-platform-commons/1.3.2/junit-platform-commons-1.3.2.jar:/home/huchao/.m2/repository/org/opentest4j/opentest4j/1.1.1/opentest4j-1.1.1.jar:/home/huchao/.m2/repository/org/junit/jupiter/junit-jupiter-engine/5.3.2/junit-jupiter-engine-5.3.2.jar:/home/huchao/.m2/repository/org/junit/jupiter/junit-jupiter-api/5.3.2/junit-jupiter-api-5.3.2.jar:/home/huchao/.m2/repository/org/codehaus/groovy/groovy-testng/2.5.6/groovy-testng-2.5.6.jar:/home/huchao/.m2/repository/org/testng/testng/6.13.1/testng-6.13.1.jar:/home/huchao/.m2/repository/com/beust/jcommander/1.72/jcommander-1.72.jar:/home/huchao/.m2/repository/org/codehaus/groovy/groovy-xml/2.5.6/groovy-xml-2.5.6.jar:"/>
    <property name="java.vm.vendor" value="Oracle Corporation"/>
    <property name="sun.arch.data.model" value="64"/>
    <property name="java.vendor.url" value="http://java.oracle.com/"/>
    <property name="user.timezone" value=""/>
    <property name="java.vm.specification.version" value="11"/>
    <property name="os.name" value="Linux"/>
    <property name="sun.java.launcher" value="SUN_STANDARD"/>
    <property name="user.country" value="CN"/>
    <property name="sun.boot.library.path" value="/usr/local/jdk/lib"/>
    <property name="sun.java.command" value="/home/huchao/Graduation/user_module/target/surefire/surefirebooter12325280589938126506.jar /home/huchao/Graduation/user_module/target/surefire 2019-04-19T21-12-10_950-jvmRun1 surefire6200181379325513056tmp surefire_016654246447874812776tmp"/>
    <property name="jdk.debug" value="release"/>
    <property name="surefire.test.class.path" value="/home/huchao/Graduation/user_module/target/test-classes:/home/huchao/Graduation/user_module/target/classes:/home/huchao/.m2/repository/org/springframework/boot/spring-boot-starter-web/2.1.3.RELEASE/spring-boot-starter-web-2.1.3.RELEASE.jar:/home/huchao/.m2/repository/org/springframework/boot/spring-boot-starter/2.1.3.RELEASE/spring-boot-starter-2.1.3.RELEASE.jar:/home/huchao/.m2/repository/org/springframework/boot/spring-boot-starter-logging/2.1.3.RELEASE/spring-boot-starter-logging-2.1.3.RELEASE.jar:/home/huchao/.m2/repository/ch/qos/logback/logback-classic/1.2.3/logback-classic-1.2.3.jar:/home/huchao/.m2/repository/ch/qos/logback/logback-core/1.2.3/logback-core-1.2.3.jar:/home/huchao/.m2/repository/org/apache/logging/log4j/log4j-to-slf4j/2.11.2/log4j-to-slf4j-2.11.2.jar:/home/huchao/.m2/repository/org/apache/logging/log4j/log4j-api/2.11.2/log4j-api-2.11.2.jar:/home/huchao/.m2/repository/org/slf4j/jul-to-slf4j/1.7.25/jul-to-slf4j-1.7.25.jar:/home/huchao/.m2/repository/javax/annotation/javax.annotation-api/1.3.2/javax.annotation-api-1.3.2.jar:/home/huchao/.m2/repository/org/yaml/snakeyaml/1.23/snakeyaml-1.23.jar:/home/huchao/.m2/repository/org/springframework/boot/spring-boot-starter-json/2.1.3.RELEASE/spring-boot-starter-json-2.1.3.RELEASE.jar:/home/huchao/.m2/repository/com/fasterxml/jackson/core/jackson-databind/2.9.8/jackson-databind-2.9.8.jar:/home/huchao/.m2/repository/com/fasterxml/jackson/core/jackson-annotations/2.9.0/jackson-annotations-2.9.0.jar:/home/huchao/.m2/repository/com/fasterxml/jackson/core/jackson-core/2.9.8/jackson-core-2.9.8.jar:/home/huchao/.m2/repository/com/fasterxml/jackson/datatype/jackson-datatype-jdk8/2.9.8/jackson-datatype-jdk8-2.9.8.jar:/home/huchao/.m2/repository/com/fasterxml/jackson/datatype/jackson-datatype-jsr310/2.9.8/jackson-datatype-jsr310-2.9.8.jar:/home/huchao/.m2/repository/com/fasterxml/jackson/module/jackson-module-parameter-names/2.9.8/jackson-module-parameter-names-2.9.8.jar:/home/huchao/.m2/repository/org/springframework/boot/spring-boot-starter-tomcat/2.1.3.RELEASE/spring-boot-starter-tomcat-2.1.3.RELEASE.jar:/home/huchao/.m2/repository/org/apache/tomcat/embed/tomcat-embed-core/9.0.16/tomcat-embed-core-9.0.16.jar:/home/huchao/.m2/repository/org/apache/tomcat/embed/tomcat-embed-el/9.0.16/tomcat-embed-el-9.0.16.jar:/home/huchao/.m2/repository/org/apache/tomcat/embed/tomcat-embed-websocket/9.0.16/tomcat-embed-websocket-9.0.16.jar:/home/huchao/.m2/repository/org/hibernate/validator/hibernate-validator/6.0.14.Final/hibernate-validator-6.0.14.Final.jar:/home/huchao/.m2/repository/javax/validation/validation-api/2.0.1.Final/validation-api-2.0.1.Final.jar:/home/huchao/.m2/repository/org/jboss/logging/jboss-logging/3.3.2.Final/jboss-logging-3.3.2.Final.jar:/home/huchao/.m2/repository/com/fasterxml/classmate/1.4.0/classmate-1.4.0.jar:/home/huchao/.m2/repository/org/springframework/spring-web/5.1.5.RELEASE/spring-web-5.1.5.RELEASE.jar:/home/huchao/.m2/repository/org/springframework/spring-beans/5.1.5.RELEASE/spring-beans-5.1.5.RELEASE.jar:/home/huchao/.m2/repository/org/springframework/spring-webmvc/5.1.5.RELEASE/spring-webmvc-5.1.5.RELEASE.jar:/home/huchao/.m2/repository/org/springframework/spring-aop/5.1.5.RELEASE/spring-aop-5.1.5.RELEASE.jar:/home/huchao/.m2/repository/org/springframework/spring-context/5.1.5.RELEASE/spring-context-5.1.5.RELEASE.jar:/home/huchao/.m2/repository/org/springframework/spring-expression/5.1.5.RELEASE/spring-expression-5.1.5.RELEASE.jar:/home/huchao/.m2/repository/org/springframework/boot/spring-boot-devtools/2.1.3.RELEASE/spring-boot-devtools-2.1.3.RELEASE.jar:/home/huchao/.m2/repository/org/springframework/boot/spring-boot/2.1.3.RELEASE/spring-boot-2.1.3.RELEASE.jar:/home/huchao/.m2/repository/org/springframework/boot/spring-boot-autoconfigure/2.1.3.RELEASE/spring-boot-autoconfigure-2.1.3.RELEASE.jar:/home/huchao/.m2/repository/org/springframework/boot/spring-boot-starter-test/2.1.3.RELEASE/spring-boot-starter-test-2.1.3.RELEASE.jar:/home/huchao/.m2/repository/org/springframework/boot/spring-boot-test/2.1.3.RELEASE/spring-boot-test-2.1.3.RELEASE.jar:/home/huchao/.m2/repository/org/springframework/boot/spring-boot-test-autoconfigure/2.1.3.RELEASE/spring-boot-test-autoconfigure-2.1.3.RELEASE.jar:/home/huchao/.m2/repository/com/jayway/jsonpath/json-path/2.4.0/json-path-2.4.0.jar:/home/huchao/.m2/repository/net/minidev/json-smart/2.3/json-smart-2.3.jar:/home/huchao/.m2/repository/net/minidev/accessors-smart/1.2/accessors-smart-1.2.jar:/home/huchao/.m2/repository/org/ow2/asm/asm/5.0.4/asm-5.0.4.jar:/home/huchao/.m2/repository/org/slf4j/slf4j-api/1.7.25/slf4j-api-1.7.25.jar:/home/huchao/.m2/repository/junit/junit/4.12/junit-4.12.jar:/home/huchao/.m2/repository/org/assertj/assertj-core/3.11.1/assertj-core-3.11.1.jar:/home/huchao/.m2/repository/org/mockito/mockito-core/2.23.4/mockito-core-2.23.4.jar:/home/huchao/.m2/repository/net/bytebuddy/byte-buddy/1.9.10/byte-buddy-1.9.10.jar:/home/huchao/.m2/repository/net/bytebuddy/byte-buddy-agent/1.9.10/byte-buddy-agent-1.9.10.jar:/home/huchao/.m2/repository/org/objenesis/objenesis/2.6/objenesis-2.6.jar:/home/huchao/.m2/repository/org/hamcrest/hamcrest-core/1.3/hamcrest-core-1.3.jar:/home/huchao/.m2/repository/org/hamcrest/hamcrest-library/1.3/hamcrest-library-1.3.jar:/home/huchao/.m2/repository/org/skyscreamer/jsonassert/1.5.0/jsonassert-1.5.0.jar:/home/huchao/.m2/repository/com/vaadin/external/google/android-json/0.0.20131108.vaadin1/android-json-0.0.20131108.vaadin1.jar:/home/huchao/.m2/repository/org/springframework/spring-core/5.1.5.RELEASE/spring-core-5.1.5.RELEASE.jar:/home/huchao/.m2/repository/org/springframework/spring-jcl/5.1.5.RELEASE/spring-jcl-5.1.5.RELEASE.jar:/home/huchao/.m2/repository/org/springframework/spring-test/5.1.5.RELEASE/spring-test-5.1.5.RELEASE.jar:/home/huchao/.m2/repository/org/xmlunit/xmlunit-core/2.6.2/xmlunit-core-2.6.2.jar:/home/huchao/.m2/repository/javax/xml/bind/jaxb-api/2.3.1/jaxb-api-2.3.1.jar:/home/huchao/.m2/repository/javax/activation/javax.activation-api/1.2.0/javax.activation-api-1.2.0.jar:/home/huchao/.m2/repository/org/apache/shiro/shiro-spring/1.4.0/shiro-spring-1.4.0.jar:/home/huchao/.m2/repository/org/apache/shiro/shiro-core/1.4.0/shiro-core-1.4.0.jar:/home/huchao/.m2/repository/org/apache/shiro/shiro-lang/1.4.0/shiro-lang-1.4.0.jar:/home/huchao/.m2/repository/org/apache/shiro/shiro-cache/1.4.0/shiro-cache-1.4.0.jar:/home/huchao/.m2/repository/org/apache/shiro/shiro-crypto-hash/1.4.0/shiro-crypto-hash-1.4.0.jar:/home/huchao/.m2/repository/org/apache/shiro/shiro-crypto-core/1.4.0/shiro-crypto-core-1.4.0.jar:/home/huchao/.m2/repository/org/apache/shiro/shiro-crypto-cipher/1.4.0/shiro-crypto-cipher-1.4.0.jar:/home/huchao/.m2/repository/org/apache/shiro/shiro-config-core/1.4.0/shiro-config-core-1.4.0.jar:/home/huchao/.m2/repository/org/apache/shiro/shiro-config-ogdl/1.4.0/shiro-config-ogdl-1.4.0.jar:/home/huchao/.m2/repository/commons-beanutils/commons-beanutils/1.9.3/commons-beanutils-1.9.3.jar:/home/huchao/.m2/repository/commons-collections/commons-collections/3.2.2/commons-collections-3.2.2.jar:/home/huchao/.m2/repository/org/apache/shiro/shiro-event/1.4.0/shiro-event-1.4.0.jar:/home/huchao/.m2/repository/org/apache/shiro/shiro-web/1.4.0/shiro-web-1.4.0.jar:/home/huchao/.m2/repository/dubbo_api/dubbo_api/1.0-SNAPSHOT/dubbo_api-1.0-SNAPSHOT.jar:/home/huchao/.m2/repository/org/projectlombok/lombok/1.18.6/lombok-1.18.6.jar:/home/huchao/.m2/repository/com/baomidou/mybatis-plus-boot-starter/3.1.0/mybatis-plus-boot-starter-3.1.0.jar:/home/huchao/.m2/repository/com/baomidou/mybatis-plus/3.1.0/mybatis-plus-3.1.0.jar:/home/huchao/.m2/repository/org/springframework/boot/spring-boot-starter-jdbc/2.1.3.RELEASE/spring-boot-starter-jdbc-2.1.3.RELEASE.jar:/home/huchao/.m2/repository/com/zaxxer/HikariCP/3.2.0/HikariCP-3.2.0.jar:/home/huchao/.m2/repository/org/springframework/spring-jdbc/5.1.5.RELEASE/spring-jdbc-5.1.5.RELEASE.jar:/home/huchao/.m2/repository/org/springframework/spring-tx/5.1.5.RELEASE/spring-tx-5.1.5.RELEASE.jar:/home/huchao/.m2/repository/com/alibaba/boot/dubbo-spring-boot-starter/0.2.0/dubbo-spring-boot-starter-0.2.0.jar:/home/huchao/.m2/repository/com/alibaba/dubbo/2.6.2/dubbo-2.6.2.jar:/home/huchao/.m2/repository/org/javassist/javassist/3.20.0-GA/javassist-3.20.0-GA.jar:/home/huchao/.m2/repository/org/jboss/netty/netty/3.2.5.Final/netty-3.2.5.Final.jar:/home/huchao/.m2/repository/org/apache/zookeeper/zookeeper/3.4.9/zookeeper-3.4.9.jar:/home/huchao/.m2/repository/io/netty/netty/3.10.5.Final/netty-3.10.5.Final.jar:/home/huchao/.m2/repository/org/apache/curator/curator-framework/2.12.0/curator-framework-2.12.0.jar:/home/huchao/.m2/repository/org/apache/curator/curator-client/2.12.0/curator-client-2.12.0.jar:/home/huchao/.m2/repository/com/google/guava/guava/16.0.1/guava-16.0.1.jar:/home/huchao/.m2/repository/com/alibaba/boot/dubbo-spring-boot-autoconfigure/0.2.0/dubbo-spring-boot-autoconfigure-0.2.0.jar:/home/huchao/.m2/repository/mysql/mysql-connector-java/8.0.15/mysql-connector-java-8.0.15.jar:/home/huchao/.m2/repository/com/alibaba/druid/1.1.13/druid-1.1.13.jar:/home/huchao/.m2/repository/com/baomidou/mybatis-plus-generator/3.0.7.1/mybatis-plus-generator-3.0.7.1.jar:/home/huchao/.m2/repository/com/baomidou/mybatis-plus-extension/3.0.7.1/mybatis-plus-extension-3.0.7.1.jar:/home/huchao/.m2/repository/com/baomidou/mybatis-plus-core/3.0.7.1/mybatis-plus-core-3.0.7.1.jar:/home/huchao/.m2/repository/com/baomidou/mybatis-plus-annotation/3.0.7.1/mybatis-plus-annotation-3.0.7.1.jar:/home/huchao/.m2/repository/com/github/jsqlparser/jsqlparser/1.3/jsqlparser-1.3.jar:/home/huchao/.m2/repository/org/mybatis/mybatis-spring/1.3.2/mybatis-spring-1.3.2.jar:/home/huchao/.m2/repository/org/mybatis/mybatis/3.4.6/mybatis-3.4.6.jar:/home/huchao/.m2/repository/org/apache/velocity/velocity-engine-core/2.0/velocity-engine-core-2.0.jar:/home/huchao/.m2/repository/org/apache/commons/commons-lang3/3.8.1/commons-lang3-3.8.1.jar:/home/huchao/.m2/repository/org/hibernate/hibernate-validator/5.4.1.Final/hibernate-validator-5.4.1.Final.jar:/home/huchao/.m2/repository/javax/mail/javax.mail-api/1.6.2/javax.mail-api-1.6.2.jar:/home/huchao/.m2/repository/com/sun/mail/javax.mail/1.6.2/javax.mail-1.6.2.jar:/home/huchao/.m2/repository/javax/activation/activation/1.1/activation-1.1.jar:/home/huchao/.m2/repository/com/alipay/sdk/alipay-sdk-java/3.4.27.ALL/alipay-sdk-java-3.4.27.ALL.jar:/home/huchao/.m2/repository/commons-logging/commons-logging/1.1.1/commons-logging-1.1.1.jar:/home/huchao/.m2/repository/org/springframework/boot/spring-boot-configuration-processor/2.1.3.RELEASE/spring-boot-configuration-processor-2.1.3.RELEASE.jar:/home/huchao/.m2/repository/com/alibaba/fastjson/1.1.23/fastjson-1.1.23.jar:/home/huchao/.m2/repository/org/codehaus/groovy/groovy/2.5.6/groovy-2.5.6.jar:/home/huchao/.m2/repository/org/codehaus/groovy/groovy-ant/2.5.6/groovy-ant-2.5.6.jar:/home/huchao/.m2/repository/org/apache/ant/ant/1.9.13/ant-1.9.13.jar:/home/huchao/.m2/repository/org/apache/ant/ant-junit/1.9.13/ant-junit-1.9.13.jar:/home/huchao/.m2/repository/org/apache/ant/ant-launcher/1.9.13/ant-launcher-1.9.13.jar:/home/huchao/.m2/repository/org/apache/ant/ant-antlr/1.9.13/ant-antlr-1.9.13.jar:/home/huchao/.m2/repository/org/codehaus/groovy/groovy-cli-commons/2.5.6/groovy-cli-commons-2.5.6.jar:/home/huchao/.m2/repository/commons-cli/commons-cli/1.4/commons-cli-1.4.jar:/home/huchao/.m2/repository/org/codehaus/groovy/groovy-cli-picocli/2.5.6/groovy-cli-picocli-2.5.6.jar:/home/huchao/.m2/repository/info/picocli/picocli/3.9.2/picocli-3.9.2.jar:/home/huchao/.m2/repository/org/codehaus/groovy/groovy-console/2.5.6/groovy-console-2.5.6.jar:/home/huchao/.m2/repository/org/codehaus/groovy/groovy-datetime/2.5.6/groovy-datetime-2.5.6.jar:/home/huchao/.m2/repository/org/codehaus/groovy/groovy-docgenerator/2.5.6/groovy-docgenerator-2.5.6.jar:/home/huchao/.m2/repository/com/thoughtworks/qdox/qdox/1.12.1/qdox-1.12.1.jar:/home/huchao/.m2/repository/org/codehaus/groovy/groovy-groovydoc/2.5.6/groovy-groovydoc-2.5.6.jar:/home/huchao/.m2/repository/org/codehaus/groovy/groovy-groovysh/2.5.6/groovy-groovysh-2.5.6.jar:/home/huchao/.m2/repository/jline/jline/2.14.6/jline-2.14.6.jar:/home/huchao/.m2/repository/org/codehaus/groovy/groovy-jmx/2.5.6/groovy-jmx-2.5.6.jar:/home/huchao/.m2/repository/org/codehaus/groovy/groovy-json/2.5.6/groovy-json-2.5.6.jar:/home/huchao/.m2/repository/org/codehaus/groovy/groovy-jsr223/2.5.6/groovy-jsr223-2.5.6.jar:/home/huchao/.m2/repository/org/codehaus/groovy/groovy-macro/2.5.6/groovy-macro-2.5.6.jar:/home/huchao/.m2/repository/org/codehaus/groovy/groovy-nio/2.5.6/groovy-nio-2.5.6.jar:/home/huchao/.m2/repository/org/codehaus/groovy/groovy-servlet/2.5.6/groovy-servlet-2.5.6.jar:/home/huchao/.m2/repository/org/codehaus/groovy/groovy-sql/2.5.6/groovy-sql-2.5.6.jar:/home/huchao/.m2/repository/org/codehaus/groovy/groovy-swing/2.5.6/groovy-swing-2.5.6.jar:/home/huchao/.m2/repository/org/codehaus/groovy/groovy-templates/2.5.6/groovy-templates-2.5.6.jar:/home/huchao/.m2/repository/org/codehaus/groovy/groovy-test/2.5.6/groovy-test-2.5.6.jar:/home/huchao/.m2/repository/org/codehaus/groovy/groovy-test-junit5/2.5.6/groovy-test-junit5-2.5.6.jar:/home/huchao/.m2/repository/org/junit/platform/junit-platform-launcher/1.3.2/junit-platform-launcher-1.3.2.jar:/home/huchao/.m2/repository/org/apiguardian/apiguardian-api/1.0.0/apiguardian-api-1.0.0.jar:/home/huchao/.m2/repository/org/junit/platform/junit-platform-engine/1.3.2/junit-platform-engine-1.3.2.jar:/home/huchao/.m2/repository/org/junit/platform/junit-platform-commons/1.3.2/junit-platform-commons-1.3.2.jar:/home/huchao/.m2/repository/org/opentest4j/opentest4j/1.1.1/opentest4j-1.1.1.jar:/home/huchao/.m2/repository/org/junit/jupiter/junit-jupiter-engine/5.3.2/junit-jupiter-engine-5.3.2.jar:/home/huchao/.m2/repository/org/junit/jupiter/junit-jupiter-api/5.3.2/junit-jupiter-api-5.3.2.jar:/home/huchao/.m2/repository/org/codehaus/groovy/groovy-testng/2.5.6/groovy-testng-2.5.6.jar:/home/huchao/.m2/repository/org/testng/testng/6.13.1/testng-6.13.1.jar:/home/huchao/.m2/repository/com/beust/jcommander/1.72/jcommander-1.72.jar:/home/huchao/.m2/repository/org/codehaus/groovy/groovy-xml/2.5.6/groovy-xml-2.5.6.jar:"/>
    <property name="sun.cpu.endian" value="little"/>
    <property name="user.home" value="/home/huchao"/>
    <property name="user.language" value="zh"/>
    <property name="java.specification.vendor" value="Oracle Corporation"/>
    <property name="java.version.date" value="2019-01-15"/>
    <property name="java.home" value="/usr/local/jdk"/>
    <property name="file.separator" value="/"/>
    <property name="basedir" value="/home/huchao/Graduation/user_module"/>
    <property name="java.vm.compressedOopsMode" value="32-bit"/>
    <property name="line.separator" value="&#10;"/>
    <property name="java.specification.name" value="Java Platform API Specification"/>
    <property name="java.vm.specification.vendor" value="Oracle Corporation"/>
    <property name="java.awt.graphicsenv" value="sun.awt.X11GraphicsEnvironment"/>
    <property name="surefire.real.class.path" value="/home/huchao/Graduation/user_module/target/surefire/surefirebooter12325280589938126506.jar"/>
    <property name="awt.useSystemAAFontSettings" value="gasp"/>
    <property name="sun.management.compiler" value="HotSpot 64-Bit Tiered Compilers"/>
    <property name="java.runtime.version" value="11.0.2+9-LTS"/>
    <property name="user.name" value="huchao"/>
    <property name="path.separator" value=":"/>
    <property name="os.version" value="4.15.0-29deepin-generic"/>
    <property name="java.runtime.name" value="Java(TM) SE Runtime Environment"/>
    <property name="file.encoding" value="UTF-8"/>
    <property name="java.vm.name" value="Java HotSpot(TM) 64-Bit Server VM"/>
    <property name="java.vendor.version" value="18.9"/>
    <property name="localRepository" value="/home/huchao/.m2/repository"/>
    <property name="java.vendor.url.bug" value="http://bugreport.java.com/bugreport/"/>
    <property name="java.io.tmpdir" value="/tmp"/>
    <property name="java.version" value="11.0.2"/>
    <property name="user.dir" value="/home/huchao/Graduation/user_module"/>
    <property name="os.arch" value="amd64"/>
    <property name="java.vm.specification.name" value="Java Virtual Machine Specification"/>
    <property name="java.awt.printerjob" value="sun.print.PSPrinterJob"/>
    <property name="sun.os.patch.level" value="unknown"/>
    <property name="idea.version2019.1" value="true"/>
    <property name="java.library.path" value="/usr/java/packages/lib:/usr/lib64:/lib64:/lib:/usr/lib"/>
    <property name="java.vendor" value="Oracle Corporation"/>
    <property name="java.vm.info" value="mixed mode"/>
    <property name="java.vm.version" value="11.0.2+9-LTS"/>
    <property name="sun.io.unicode.encoding" value="UnicodeLittle"/>
    <property name="java.class.version" value="55.0"/>
  </properties>
  <testcase name="contextLoads on contextLoads(cn.javaexception.DemoApplicationTests)" classname="cn.javaexception.DemoApplicationTests" time="0.002"/>
</testsuite>